[2024-09-21T16:54:32.269+0000] {local_task_job_runner.py:123} INFO - ::group::Pre task execution logs
[2024-09-21T16:54:32.290+0000] {taskinstance.py:2603} INFO - Dependencies all met for dep_context=non-requeueable deps ti=<TaskInstance: localNFLDataIngestionDag.scrape scheduled__2024-09-15T00:00:00+00:00 [queued]>
[2024-09-21T16:54:32.299+0000] {taskinstance.py:2603} INFO - Dependencies all met for dep_context=requeueable deps ti=<TaskInstance: localNFLDataIngestionDag.scrape scheduled__2024-09-15T00:00:00+00:00 [queued]>
[2024-09-21T16:54:32.302+0000] {taskinstance.py:2856} INFO - Starting attempt 1 of 1
[2024-09-21T16:54:32.319+0000] {taskinstance.py:2879} INFO - Executing <Task(PythonOperator): scrape> on 2024-09-15 00:00:00+00:00
[2024-09-21T16:54:32.328+0000] {standard_task_runner.py:72} INFO - Started process 473 to run task
[2024-09-21T16:54:32.333+0000] {standard_task_runner.py:104} INFO - Running: ['***', 'tasks', 'run', 'localNFLDataIngestionDag', 'scrape', 'scheduled__2024-09-15T00:00:00+00:00', '--job-id', '18', '--raw', '--subdir', 'DAGS_FOLDER/data_ingestion_local.py', '--cfg-path', '/tmp/tmpijglf2s8']
[2024-09-21T16:54:32.336+0000] {standard_task_runner.py:105} INFO - Job 18: Subtask scrape
[2024-09-21T16:54:32.406+0000] {task_command.py:467} INFO - Running <TaskInstance: localNFLDataIngestionDag.scrape scheduled__2024-09-15T00:00:00+00:00 [running]> on host a38c0324a413
[2024-09-21T16:54:32.504+0000] {taskinstance.py:3122} INFO - Exporting env vars: AIRFLOW_CTX_DAG_OWNER='***' AIRFLOW_CTX_DAG_ID='localNFLDataIngestionDag' AIRFLOW_CTX_TASK_ID='scrape' AIRFLOW_CTX_EXECUTION_DATE='2024-09-15T00:00:00+00:00' AIRFLOW_CTX_TRY_NUMBER='1' AIRFLOW_CTX_DAG_RUN_ID='scheduled__2024-09-15T00:00:00+00:00'
[2024-09-21T16:54:32.507+0000] {logging_mixin.py:190} INFO - Task instance is in running state
[2024-09-21T16:54:32.508+0000] {logging_mixin.py:190} INFO -  Previous state of the Task instance: queued
[2024-09-21T16:54:32.509+0000] {logging_mixin.py:190} INFO - Current task name:scrape state:running start_date:2024-09-21 16:54:32.291163+00:00
[2024-09-21T16:54:32.510+0000] {logging_mixin.py:190} INFO - Dag name:localNFLDataIngestionDag and current dag run status:running
[2024-09-21T16:54:32.511+0000] {taskinstance.py:731} INFO - ::endgroup::
[2024-09-21T16:54:32.513+0000] {taskinstance.py:3301} ERROR - Task failed with exception
Traceback (most recent call last):
  File "/home/airflow/.local/lib/python3.9/site-packages/airflow/models/taskinstance.py", line 767, in _execute_task
    result = _execute_callable(context=context, **execute_callable_kwargs)
  File "/home/airflow/.local/lib/python3.9/site-packages/airflow/models/taskinstance.py", line 733, in _execute_callable
    return ExecutionCallableRunner(
  File "/home/airflow/.local/lib/python3.9/site-packages/airflow/utils/operator_helpers.py", line 252, in run
    return self.func(*args, **kwargs)
  File "/home/airflow/.local/lib/python3.9/site-packages/airflow/models/baseoperator.py", line 406, in wrapper
    return func(self, *args, **kwargs)
  File "/home/airflow/.local/lib/python3.9/site-packages/airflow/operators/python.py", line 238, in execute
    return_value = self.execute_callable()
  File "/home/airflow/.local/lib/python3.9/site-packages/airflow/operators/python.py", line 256, in execute_callable
    return runner.run(*self.op_args, **self.op_kwargs)
  File "/home/airflow/.local/lib/python3.9/site-packages/airflow/utils/operator_helpers.py", line 252, in run
    return self.func(*args, **kwargs)
  File "/opt/airflow/dags/scrapeNFLData.py", line 9, in scrape_weekly_data
    weekly_data = nfl.import_weekly_data(years=range(current_year))
  File "/home/airflow/.local/lib/python3.9/site-packages/nfl_data_py/__init__.py", line 278, in import_weekly_data
    raise ValueError('Data not available before 1999.')
ValueError: Data not available before 1999.
[2024-09-21T16:54:32.531+0000] {logging_mixin.py:190} INFO - Task instance in failure state
[2024-09-21T16:54:32.532+0000] {logging_mixin.py:190} INFO - Task start:2024-09-21 16:54:32.291163+00:00 end:2024-09-21 16:54:32.530670+00:00 duration:0.239507
[2024-09-21T16:54:32.533+0000] {logging_mixin.py:190} INFO - Task:<Task(PythonOperator): scrape> dag:<DAG: localNFLDataIngestionDag> dagrun:<DagRun localNFLDataIngestionDag @ 2024-09-15 00:00:00+00:00: scheduled__2024-09-15T00:00:00+00:00, state:running, queued_at: 2024-09-21 16:54:28.835204+00:00. externally triggered: False>
[2024-09-21T16:54:32.535+0000] {logging_mixin.py:190} INFO - Failure caused by Data not available before 1999.
[2024-09-21T16:54:32.536+0000] {taskinstance.py:1225} INFO - Marking task as FAILED. dag_id=localNFLDataIngestionDag, task_id=scrape, run_id=scheduled__2024-09-15T00:00:00+00:00, execution_date=20240915T000000, start_date=20240921T165432, end_date=20240921T165432
[2024-09-21T16:54:32.554+0000] {taskinstance.py:340} INFO - ::group::Post task execution logs
[2024-09-21T16:54:32.556+0000] {standard_task_runner.py:124} ERROR - Failed to execute job 18 for task scrape (Data not available before 1999.; 473)
Traceback (most recent call last):
  File "/home/airflow/.local/lib/python3.9/site-packages/airflow/task/task_runner/standard_task_runner.py", line 117, in _start_by_fork
    ret = args.func(args, dag=self.dag)
  File "/home/airflow/.local/lib/python3.9/site-packages/airflow/cli/cli_config.py", line 49, in command
    return func(*args, **kwargs)
  File "/home/airflow/.local/lib/python3.9/site-packages/airflow/utils/cli.py", line 115, in wrapper
    return f(*args, **kwargs)
  File "/home/airflow/.local/lib/python3.9/site-packages/airflow/cli/commands/task_command.py", line 483, in task_run
    task_return_code = _run_task_by_selected_method(args, _dag, ti)
  File "/home/airflow/.local/lib/python3.9/site-packages/airflow/cli/commands/task_command.py", line 256, in _run_task_by_selected_method
    return _run_raw_task(args, ti)
  File "/home/airflow/.local/lib/python3.9/site-packages/airflow/cli/commands/task_command.py", line 341, in _run_raw_task
    return ti._run_raw_task(
  File "/home/airflow/.local/lib/python3.9/site-packages/airflow/utils/session.py", line 97, in wrapper
    return func(*args, session=session, **kwargs)
  File "/home/airflow/.local/lib/python3.9/site-packages/airflow/models/taskinstance.py", line 2995, in _run_raw_task
    return _run_raw_task(
  File "/home/airflow/.local/lib/python3.9/site-packages/airflow/models/taskinstance.py", line 273, in _run_raw_task
    TaskInstance._execute_task_with_callbacks(
  File "/home/airflow/.local/lib/python3.9/site-packages/airflow/models/taskinstance.py", line 3149, in _execute_task_with_callbacks
    result = self._execute_task(context, task_orig)
  File "/home/airflow/.local/lib/python3.9/site-packages/airflow/models/taskinstance.py", line 3173, in _execute_task
    return _execute_task(self, context, task_orig)
  File "/home/airflow/.local/lib/python3.9/site-packages/airflow/models/taskinstance.py", line 767, in _execute_task
    result = _execute_callable(context=context, **execute_callable_kwargs)
  File "/home/airflow/.local/lib/python3.9/site-packages/airflow/models/taskinstance.py", line 733, in _execute_callable
    return ExecutionCallableRunner(
  File "/home/airflow/.local/lib/python3.9/site-packages/airflow/utils/operator_helpers.py", line 252, in run
    return self.func(*args, **kwargs)
  File "/home/airflow/.local/lib/python3.9/site-packages/airflow/models/baseoperator.py", line 406, in wrapper
    return func(self, *args, **kwargs)
  File "/home/airflow/.local/lib/python3.9/site-packages/airflow/operators/python.py", line 238, in execute
    return_value = self.execute_callable()
  File "/home/airflow/.local/lib/python3.9/site-packages/airflow/operators/python.py", line 256, in execute_callable
    return runner.run(*self.op_args, **self.op_kwargs)
  File "/home/airflow/.local/lib/python3.9/site-packages/airflow/utils/operator_helpers.py", line 252, in run
    return self.func(*args, **kwargs)
  File "/opt/airflow/dags/scrapeNFLData.py", line 9, in scrape_weekly_data
    weekly_data = nfl.import_weekly_data(years=range(current_year))
  File "/home/airflow/.local/lib/python3.9/site-packages/nfl_data_py/__init__.py", line 278, in import_weekly_data
    raise ValueError('Data not available before 1999.')
ValueError: Data not available before 1999.
[2024-09-21T16:54:32.589+0000] {local_task_job_runner.py:261} INFO - Task exited with return code 1
[2024-09-21T16:54:32.617+0000] {taskinstance.py:3891} INFO - 0 downstream tasks scheduled from follow-on schedule check
[2024-09-21T16:54:32.625+0000] {local_task_job_runner.py:240} INFO - ::endgroup::
