[2024-09-21T17:07:21.775+0000] {local_task_job_runner.py:123} INFO - ::group::Pre task execution logs
[2024-09-21T17:07:21.796+0000] {taskinstance.py:2603} INFO - Dependencies all met for dep_context=non-requeueable deps ti=<TaskInstance: localNFLDataIngestionDag.scrape manual__2024-09-21T16:55:45.395890+00:00 [queued]>
[2024-09-21T17:07:21.806+0000] {taskinstance.py:2603} INFO - Dependencies all met for dep_context=requeueable deps ti=<TaskInstance: localNFLDataIngestionDag.scrape manual__2024-09-21T16:55:45.395890+00:00 [queued]>
[2024-09-21T17:07:21.808+0000] {taskinstance.py:2856} INFO - Starting attempt 13 of 13
[2024-09-21T17:07:21.822+0000] {taskinstance.py:2879} INFO - Executing <Task(PythonOperator): scrape> on 2024-09-21 16:55:45.395890+00:00
[2024-09-21T17:07:21.830+0000] {standard_task_runner.py:72} INFO - Started process 786 to run task
[2024-09-21T17:07:21.835+0000] {standard_task_runner.py:104} INFO - Running: ['***', 'tasks', 'run', 'localNFLDataIngestionDag', 'scrape', 'manual__2024-09-21T16:55:45.395890+00:00', '--job-id', '42', '--raw', '--subdir', 'DAGS_FOLDER/data_ingestion_local.py', '--cfg-path', '/tmp/tmp9sdyqw0p']
[2024-09-21T17:07:21.837+0000] {standard_task_runner.py:105} INFO - Job 42: Subtask scrape
[2024-09-21T17:07:21.894+0000] {task_command.py:467} INFO - Running <TaskInstance: localNFLDataIngestionDag.scrape manual__2024-09-21T16:55:45.395890+00:00 [running]> on host a38c0324a413
[2024-09-21T17:07:21.987+0000] {taskinstance.py:3122} INFO - Exporting env vars: AIRFLOW_CTX_DAG_OWNER='***' AIRFLOW_CTX_DAG_ID='localNFLDataIngestionDag' AIRFLOW_CTX_TASK_ID='scrape' AIRFLOW_CTX_EXECUTION_DATE='2024-09-21T16:55:45.395890+00:00' AIRFLOW_CTX_TRY_NUMBER='13' AIRFLOW_CTX_DAG_RUN_ID='manual__2024-09-21T16:55:45.395890+00:00'
[2024-09-21T17:07:21.989+0000] {logging_mixin.py:190} INFO - Task instance is in running state
[2024-09-21T17:07:21.990+0000] {logging_mixin.py:190} INFO -  Previous state of the Task instance: queued
[2024-09-21T17:07:21.991+0000] {logging_mixin.py:190} INFO - Current task name:scrape state:running start_date:2024-09-21 17:07:21.797883+00:00
[2024-09-21T17:07:21.992+0000] {logging_mixin.py:190} INFO - Dag name:localNFLDataIngestionDag and current dag run status:running
[2024-09-21T17:07:21.993+0000] {taskinstance.py:731} INFO - ::endgroup::
[2024-09-21T17:07:21.994+0000] {logging_mixin.py:190} INFO - Current Year: 2024
[2024-09-21T17:07:22.495+0000] {logging_mixin.py:190} INFO - Downcasting floats.
[2024-09-21T17:07:22.631+0000] {logging_mixin.py:190} INFO - saved to csv. Num cols =  53 
[2024-09-21T17:07:22.632+0000] {logging_mixin.py:190} INFO - and Num Rows =  5653
[2024-09-21T17:07:22.634+0000] {python.py:240} INFO - Done. Returned value was: None
[2024-09-21T17:07:22.644+0000] {taskinstance.py:340} INFO - ::group::Post task execution logs
[2024-09-21T17:07:22.645+0000] {taskinstance.py:352} INFO - Marking task as SUCCESS. dag_id=localNFLDataIngestionDag, task_id=scrape, run_id=manual__2024-09-21T16:55:45.395890+00:00, execution_date=20240921T165545, start_date=20240921T170721, end_date=20240921T170722
[2024-09-21T17:07:22.656+0000] {logging_mixin.py:190} INFO - Task instance in success state
[2024-09-21T17:07:22.657+0000] {logging_mixin.py:190} INFO -  Previous state of the Task instance: running
[2024-09-21T17:07:22.658+0000] {logging_mixin.py:190} INFO - Dag name:localNFLDataIngestionDag queued_at:2024-09-21 17:07:20.019173+00:00
[2024-09-21T17:07:22.659+0000] {logging_mixin.py:190} INFO - Task hostname:a38c0324a413 operator:PythonOperator
[2024-09-21T17:07:22.691+0000] {local_task_job_runner.py:261} INFO - Task exited with return code 0
[2024-09-21T17:07:22.714+0000] {taskinstance.py:3891} INFO - 1 downstream tasks scheduled from follow-on schedule check
[2024-09-21T17:07:22.717+0000] {local_task_job_runner.py:240} INFO - ::endgroup::
