[2024-09-21T17:06:41.439+0000] {local_task_job_runner.py:123} INFO - ::group::Pre task execution logs
[2024-09-21T17:06:41.459+0000] {taskinstance.py:2603} INFO - Dependencies all met for dep_context=non-requeueable deps ti=<TaskInstance: localNFLDataIngestionDag.scrape manual__2024-09-21T16:55:45.395890+00:00 [queued]>
[2024-09-21T17:06:41.468+0000] {taskinstance.py:2603} INFO - Dependencies all met for dep_context=requeueable deps ti=<TaskInstance: localNFLDataIngestionDag.scrape manual__2024-09-21T16:55:45.395890+00:00 [queued]>
[2024-09-21T17:06:41.469+0000] {taskinstance.py:2856} INFO - Starting attempt 12 of 12
[2024-09-21T17:06:41.483+0000] {taskinstance.py:2879} INFO - Executing <Task(PythonOperator): scrape> on 2024-09-21 16:55:45.395890+00:00
[2024-09-21T17:06:41.490+0000] {standard_task_runner.py:72} INFO - Started process 754 to run task
[2024-09-21T17:06:41.494+0000] {standard_task_runner.py:104} INFO - Running: ['***', 'tasks', 'run', 'localNFLDataIngestionDag', 'scrape', 'manual__2024-09-21T16:55:45.395890+00:00', '--job-id', '39', '--raw', '--subdir', 'DAGS_FOLDER/data_ingestion_local.py', '--cfg-path', '/tmp/tmpn86prnki']
[2024-09-21T17:06:41.495+0000] {standard_task_runner.py:105} INFO - Job 39: Subtask scrape
[2024-09-21T17:06:41.548+0000] {task_command.py:467} INFO - Running <TaskInstance: localNFLDataIngestionDag.scrape manual__2024-09-21T16:55:45.395890+00:00 [running]> on host a38c0324a413
[2024-09-21T17:06:41.646+0000] {taskinstance.py:3122} INFO - Exporting env vars: AIRFLOW_CTX_DAG_OWNER='***' AIRFLOW_CTX_DAG_ID='localNFLDataIngestionDag' AIRFLOW_CTX_TASK_ID='scrape' AIRFLOW_CTX_EXECUTION_DATE='2024-09-21T16:55:45.395890+00:00' AIRFLOW_CTX_TRY_NUMBER='12' AIRFLOW_CTX_DAG_RUN_ID='manual__2024-09-21T16:55:45.395890+00:00'
[2024-09-21T17:06:41.648+0000] {logging_mixin.py:190} INFO - Task instance is in running state
[2024-09-21T17:06:41.651+0000] {logging_mixin.py:190} INFO -  Previous state of the Task instance: queued
[2024-09-21T17:06:41.652+0000] {logging_mixin.py:190} INFO - Current task name:scrape state:running start_date:2024-09-21 17:06:41.460520+00:00
[2024-09-21T17:06:41.653+0000] {logging_mixin.py:190} INFO - Dag name:localNFLDataIngestionDag and current dag run status:running
[2024-09-21T17:06:41.654+0000] {taskinstance.py:731} INFO - ::endgroup::
[2024-09-21T17:06:41.655+0000] {logging_mixin.py:190} INFO - Current Year: 2024
[2024-09-21T17:06:42.210+0000] {logging_mixin.py:190} INFO - Downcasting floats.
[2024-09-21T17:06:42.351+0000] {logging_mixin.py:190} INFO - saved to csv. Num cols =  53 
[2024-09-21T17:06:42.352+0000] {logging_mixin.py:190} INFO - and Num Rows =  5653
[2024-09-21T17:06:42.354+0000] {python.py:240} INFO - Done. Returned value was: None
[2024-09-21T17:06:42.364+0000] {taskinstance.py:340} INFO - ::group::Post task execution logs
[2024-09-21T17:06:42.366+0000] {taskinstance.py:352} INFO - Marking task as SUCCESS. dag_id=localNFLDataIngestionDag, task_id=scrape, run_id=manual__2024-09-21T16:55:45.395890+00:00, execution_date=20240921T165545, start_date=20240921T170641, end_date=20240921T170642
[2024-09-21T17:06:42.381+0000] {logging_mixin.py:190} INFO - Task instance in success state
[2024-09-21T17:06:42.382+0000] {logging_mixin.py:190} INFO -  Previous state of the Task instance: running
[2024-09-21T17:06:42.384+0000] {logging_mixin.py:190} INFO - Dag name:localNFLDataIngestionDag queued_at:2024-09-21 17:06:39.258293+00:00
[2024-09-21T17:06:42.385+0000] {logging_mixin.py:190} INFO - Task hostname:a38c0324a413 operator:PythonOperator
[2024-09-21T17:06:42.431+0000] {local_task_job_runner.py:261} INFO - Task exited with return code 0
[2024-09-21T17:06:42.456+0000] {taskinstance.py:3891} INFO - 1 downstream tasks scheduled from follow-on schedule check
[2024-09-21T17:06:42.458+0000] {local_task_job_runner.py:240} INFO - ::endgroup::
