[2024-09-21T16:57:01.298+0000] {local_task_job_runner.py:123} INFO - ::group::Pre task execution logs
[2024-09-21T16:57:01.317+0000] {taskinstance.py:2603} INFO - Dependencies all met for dep_context=non-requeueable deps ti=<TaskInstance: localNFLDataIngestionDag.scrape manual__2024-09-21T16:55:45.395890+00:00 [queued]>
[2024-09-21T16:57:01.326+0000] {taskinstance.py:2603} INFO - Dependencies all met for dep_context=requeueable deps ti=<TaskInstance: localNFLDataIngestionDag.scrape manual__2024-09-21T16:55:45.395890+00:00 [queued]>
[2024-09-21T16:57:01.328+0000] {taskinstance.py:2856} INFO - Starting attempt 3 of 3
[2024-09-21T16:57:01.343+0000] {taskinstance.py:2879} INFO - Executing <Task(PythonOperator): scrape> on 2024-09-21 16:55:45.395890+00:00
[2024-09-21T16:57:01.350+0000] {standard_task_runner.py:72} INFO - Started process 537 to run task
[2024-09-21T16:57:01.354+0000] {standard_task_runner.py:104} INFO - Running: ['***', 'tasks', 'run', 'localNFLDataIngestionDag', 'scrape', 'manual__2024-09-21T16:55:45.395890+00:00', '--job-id', '27', '--raw', '--subdir', 'DAGS_FOLDER/data_ingestion_local.py', '--cfg-path', '/tmp/tmpzx8koqys']
[2024-09-21T16:57:01.356+0000] {standard_task_runner.py:105} INFO - Job 27: Subtask scrape
[2024-09-21T16:57:01.405+0000] {task_command.py:467} INFO - Running <TaskInstance: localNFLDataIngestionDag.scrape manual__2024-09-21T16:55:45.395890+00:00 [running]> on host a38c0324a413
[2024-09-21T16:57:01.488+0000] {taskinstance.py:3122} INFO - Exporting env vars: AIRFLOW_CTX_DAG_OWNER='***' AIRFLOW_CTX_DAG_ID='localNFLDataIngestionDag' AIRFLOW_CTX_TASK_ID='scrape' AIRFLOW_CTX_EXECUTION_DATE='2024-09-21T16:55:45.395890+00:00' AIRFLOW_CTX_TRY_NUMBER='3' AIRFLOW_CTX_DAG_RUN_ID='manual__2024-09-21T16:55:45.395890+00:00'
[2024-09-21T16:57:01.490+0000] {logging_mixin.py:190} INFO - Task instance is in running state
[2024-09-21T16:57:01.491+0000] {logging_mixin.py:190} INFO -  Previous state of the Task instance: queued
[2024-09-21T16:57:01.491+0000] {logging_mixin.py:190} INFO - Current task name:scrape state:running start_date:2024-09-21 16:57:01.319060+00:00
[2024-09-21T16:57:01.492+0000] {logging_mixin.py:190} INFO - Dag name:localNFLDataIngestionDag and current dag run status:running
[2024-09-21T16:57:01.493+0000] {taskinstance.py:731} INFO - ::endgroup::
[2024-09-21T16:57:01.494+0000] {logging_mixin.py:190} INFO - current_year: 2024
[2024-09-21T16:57:01.496+0000] {python.py:240} INFO - Done. Returned value was: None
[2024-09-21T16:57:01.505+0000] {taskinstance.py:340} INFO - ::group::Post task execution logs
[2024-09-21T16:57:01.507+0000] {taskinstance.py:352} INFO - Marking task as SUCCESS. dag_id=localNFLDataIngestionDag, task_id=scrape, run_id=manual__2024-09-21T16:55:45.395890+00:00, execution_date=20240921T165545, start_date=20240921T165701, end_date=20240921T165701
[2024-09-21T16:57:01.516+0000] {logging_mixin.py:190} INFO - Task instance in success state
[2024-09-21T16:57:01.517+0000] {logging_mixin.py:190} INFO -  Previous state of the Task instance: running
[2024-09-21T16:57:01.518+0000] {logging_mixin.py:190} INFO - Dag name:localNFLDataIngestionDag queued_at:2024-09-21 16:56:59.660330+00:00
[2024-09-21T16:57:01.519+0000] {logging_mixin.py:190} INFO - Task hostname:a38c0324a413 operator:PythonOperator
[2024-09-21T16:57:01.568+0000] {local_task_job_runner.py:261} INFO - Task exited with return code 0
[2024-09-21T16:57:01.591+0000] {taskinstance.py:3891} INFO - 1 downstream tasks scheduled from follow-on schedule check
[2024-09-21T16:57:01.593+0000] {local_task_job_runner.py:240} INFO - ::endgroup::
