[2024-09-21T16:56:31.805+0000] {local_task_job_runner.py:123} INFO - ::group::Pre task execution logs
[2024-09-21T16:56:31.826+0000] {taskinstance.py:2603} INFO - Dependencies all met for dep_context=non-requeueable deps ti=<TaskInstance: localNFLDataIngestionDag.scrape manual__2024-09-21T16:55:45.395890+00:00 [queued]>
[2024-09-21T16:56:31.837+0000] {taskinstance.py:2603} INFO - Dependencies all met for dep_context=requeueable deps ti=<TaskInstance: localNFLDataIngestionDag.scrape manual__2024-09-21T16:55:45.395890+00:00 [queued]>
[2024-09-21T16:56:31.839+0000] {taskinstance.py:2856} INFO - Starting attempt 2 of 2
[2024-09-21T16:56:31.854+0000] {taskinstance.py:2879} INFO - Executing <Task(PythonOperator): scrape> on 2024-09-21 16:55:45.395890+00:00
[2024-09-21T16:56:31.862+0000] {standard_task_runner.py:72} INFO - Started process 522 to run task
[2024-09-21T16:56:31.866+0000] {standard_task_runner.py:104} INFO - Running: ['***', 'tasks', 'run', 'localNFLDataIngestionDag', 'scrape', 'manual__2024-09-21T16:55:45.395890+00:00', '--job-id', '25', '--raw', '--subdir', 'DAGS_FOLDER/data_ingestion_local.py', '--cfg-path', '/tmp/tmp13f_e2pi']
[2024-09-21T16:56:31.868+0000] {standard_task_runner.py:105} INFO - Job 25: Subtask scrape
[2024-09-21T16:56:31.918+0000] {task_command.py:467} INFO - Running <TaskInstance: localNFLDataIngestionDag.scrape manual__2024-09-21T16:55:45.395890+00:00 [running]> on host a38c0324a413
[2024-09-21T16:56:32.007+0000] {taskinstance.py:3122} INFO - Exporting env vars: AIRFLOW_CTX_DAG_OWNER='***' AIRFLOW_CTX_DAG_ID='localNFLDataIngestionDag' AIRFLOW_CTX_TASK_ID='scrape' AIRFLOW_CTX_EXECUTION_DATE='2024-09-21T16:55:45.395890+00:00' AIRFLOW_CTX_TRY_NUMBER='2' AIRFLOW_CTX_DAG_RUN_ID='manual__2024-09-21T16:55:45.395890+00:00'
[2024-09-21T16:56:32.010+0000] {logging_mixin.py:190} INFO - Task instance is in running state
[2024-09-21T16:56:32.012+0000] {logging_mixin.py:190} INFO -  Previous state of the Task instance: queued
[2024-09-21T16:56:32.013+0000] {logging_mixin.py:190} INFO - Current task name:scrape state:running start_date:2024-09-21 16:56:31.827985+00:00
[2024-09-21T16:56:32.014+0000] {logging_mixin.py:190} INFO - Dag name:localNFLDataIngestionDag and current dag run status:running
[2024-09-21T16:56:32.015+0000] {taskinstance.py:731} INFO - ::endgroup::
[2024-09-21T16:56:32.017+0000] {logging_mixin.py:190} INFO - 2024
[2024-09-21T16:56:32.018+0000] {python.py:240} INFO - Done. Returned value was: None
[2024-09-21T16:56:32.031+0000] {taskinstance.py:340} INFO - ::group::Post task execution logs
[2024-09-21T16:56:32.033+0000] {taskinstance.py:352} INFO - Marking task as SUCCESS. dag_id=localNFLDataIngestionDag, task_id=scrape, run_id=manual__2024-09-21T16:55:45.395890+00:00, execution_date=20240921T165545, start_date=20240921T165631, end_date=20240921T165632
[2024-09-21T16:56:32.046+0000] {logging_mixin.py:190} INFO - Task instance in success state
[2024-09-21T16:56:32.048+0000] {logging_mixin.py:190} INFO -  Previous state of the Task instance: running
[2024-09-21T16:56:32.049+0000] {logging_mixin.py:190} INFO - Dag name:localNFLDataIngestionDag queued_at:2024-09-21 16:56:29.971589+00:00
[2024-09-21T16:56:32.050+0000] {logging_mixin.py:190} INFO - Task hostname:a38c0324a413 operator:PythonOperator
[2024-09-21T16:56:32.081+0000] {local_task_job_runner.py:261} INFO - Task exited with return code 0
[2024-09-21T16:56:32.121+0000] {taskinstance.py:3891} INFO - 1 downstream tasks scheduled from follow-on schedule check
[2024-09-21T16:56:32.126+0000] {local_task_job_runner.py:240} INFO - ::endgroup::
