[2024-09-21T17:08:24.478+0000] {local_task_job_runner.py:123} INFO - ::group::Pre task execution logs
[2024-09-21T17:08:24.498+0000] {taskinstance.py:2603} INFO - Dependencies all met for dep_context=non-requeueable deps ti=<TaskInstance: localNFLDataIngestionDag.scrape manual__2024-09-21T16:55:45.395890+00:00 [queued]>
[2024-09-21T17:08:24.507+0000] {taskinstance.py:2603} INFO - Dependencies all met for dep_context=requeueable deps ti=<TaskInstance: localNFLDataIngestionDag.scrape manual__2024-09-21T16:55:45.395890+00:00 [queued]>
[2024-09-21T17:08:24.508+0000] {taskinstance.py:2856} INFO - Starting attempt 14 of 14
[2024-09-21T17:08:24.523+0000] {taskinstance.py:2879} INFO - Executing <Task(PythonOperator): scrape> on 2024-09-21 16:55:45.395890+00:00
[2024-09-21T17:08:24.533+0000] {standard_task_runner.py:72} INFO - Started process 821 to run task
[2024-09-21T17:08:24.536+0000] {standard_task_runner.py:104} INFO - Running: ['***', 'tasks', 'run', 'localNFLDataIngestionDag', 'scrape', 'manual__2024-09-21T16:55:45.395890+00:00', '--job-id', '44', '--raw', '--subdir', 'DAGS_FOLDER/data_ingestion_local.py', '--cfg-path', '/tmp/tmpkcmmhxvk']
[2024-09-21T17:08:24.539+0000] {standard_task_runner.py:105} INFO - Job 44: Subtask scrape
[2024-09-21T17:08:24.592+0000] {task_command.py:467} INFO - Running <TaskInstance: localNFLDataIngestionDag.scrape manual__2024-09-21T16:55:45.395890+00:00 [running]> on host a38c0324a413
[2024-09-21T17:08:24.681+0000] {taskinstance.py:3122} INFO - Exporting env vars: AIRFLOW_CTX_DAG_OWNER='***' AIRFLOW_CTX_DAG_ID='localNFLDataIngestionDag' AIRFLOW_CTX_TASK_ID='scrape' AIRFLOW_CTX_EXECUTION_DATE='2024-09-21T16:55:45.395890+00:00' AIRFLOW_CTX_TRY_NUMBER='14' AIRFLOW_CTX_DAG_RUN_ID='manual__2024-09-21T16:55:45.395890+00:00'
[2024-09-21T17:08:24.683+0000] {logging_mixin.py:190} INFO - Task instance is in running state
[2024-09-21T17:08:24.684+0000] {logging_mixin.py:190} INFO -  Previous state of the Task instance: queued
[2024-09-21T17:08:24.685+0000] {logging_mixin.py:190} INFO - Current task name:scrape state:running start_date:2024-09-21 17:08:24.499249+00:00
[2024-09-21T17:08:24.686+0000] {logging_mixin.py:190} INFO - Dag name:localNFLDataIngestionDag and current dag run status:running
[2024-09-21T17:08:24.687+0000] {taskinstance.py:731} INFO - ::endgroup::
[2024-09-21T17:08:24.688+0000] {logging_mixin.py:190} INFO - Current Year: 2024
[2024-09-21T17:08:25.157+0000] {logging_mixin.py:190} INFO - Downcasting floats.
[2024-09-21T17:08:25.330+0000] {logging_mixin.py:190} INFO - saved to csv. Num cols =  53 
[2024-09-21T17:08:25.331+0000] {logging_mixin.py:190} INFO - and Num Rows =  5653
[2024-09-21T17:08:25.333+0000] {python.py:240} INFO - Done. Returned value was: None
[2024-09-21T17:08:25.346+0000] {taskinstance.py:340} INFO - ::group::Post task execution logs
[2024-09-21T17:08:25.347+0000] {taskinstance.py:352} INFO - Marking task as SUCCESS. dag_id=localNFLDataIngestionDag, task_id=scrape, run_id=manual__2024-09-21T16:55:45.395890+00:00, execution_date=20240921T165545, start_date=20240921T170824, end_date=20240921T170825
[2024-09-21T17:08:25.358+0000] {logging_mixin.py:190} INFO - Task instance in success state
[2024-09-21T17:08:25.360+0000] {logging_mixin.py:190} INFO -  Previous state of the Task instance: running
[2024-09-21T17:08:25.361+0000] {logging_mixin.py:190} INFO - Dag name:localNFLDataIngestionDag queued_at:2024-09-21 17:08:22.870242+00:00
[2024-09-21T17:08:25.362+0000] {logging_mixin.py:190} INFO - Task hostname:a38c0324a413 operator:PythonOperator
[2024-09-21T17:08:25.394+0000] {local_task_job_runner.py:261} INFO - Task exited with return code 0
[2024-09-21T17:08:25.420+0000] {taskinstance.py:3891} INFO - 1 downstream tasks scheduled from follow-on schedule check
[2024-09-21T17:08:25.423+0000] {local_task_job_runner.py:240} INFO - ::endgroup::
