[2024-09-21T17:06:44.081+0000] {local_task_job_runner.py:123} INFO - ::group::Pre task execution logs
[2024-09-21T17:06:44.102+0000] {taskinstance.py:2603} INFO - Dependencies all met for dep_context=non-requeueable deps ti=<TaskInstance: localNFLDataIngestionDag.ingestData manual__2024-09-21T16:55:45.395890+00:00 [queued]>
[2024-09-21T17:06:44.111+0000] {taskinstance.py:2603} INFO - Dependencies all met for dep_context=requeueable deps ti=<TaskInstance: localNFLDataIngestionDag.ingestData manual__2024-09-21T16:55:45.395890+00:00 [queued]>
[2024-09-21T17:06:44.112+0000] {taskinstance.py:2856} INFO - Starting attempt 7 of 7
[2024-09-21T17:06:44.126+0000] {taskinstance.py:2879} INFO - Executing <Task(PythonOperator): ingestData> on 2024-09-21 16:55:45.395890+00:00
[2024-09-21T17:06:44.135+0000] {standard_task_runner.py:72} INFO - Started process 771 to run task
[2024-09-21T17:06:44.138+0000] {standard_task_runner.py:104} INFO - Running: ['***', 'tasks', 'run', 'localNFLDataIngestionDag', 'ingestData', 'manual__2024-09-21T16:55:45.395890+00:00', '--job-id', '40', '--raw', '--subdir', 'DAGS_FOLDER/data_ingestion_local.py', '--cfg-path', '/tmp/tmpn1g4sbgz']
[2024-09-21T17:06:44.140+0000] {standard_task_runner.py:105} INFO - Job 40: Subtask ingestData
[2024-09-21T17:06:44.206+0000] {task_command.py:467} INFO - Running <TaskInstance: localNFLDataIngestionDag.ingestData manual__2024-09-21T16:55:45.395890+00:00 [running]> on host a38c0324a413
[2024-09-21T17:06:44.292+0000] {taskinstance.py:3122} INFO - Exporting env vars: AIRFLOW_CTX_DAG_OWNER='***' AIRFLOW_CTX_DAG_ID='localNFLDataIngestionDag' AIRFLOW_CTX_TASK_ID='ingestData' AIRFLOW_CTX_EXECUTION_DATE='2024-09-21T16:55:45.395890+00:00' AIRFLOW_CTX_TRY_NUMBER='7' AIRFLOW_CTX_DAG_RUN_ID='manual__2024-09-21T16:55:45.395890+00:00'
[2024-09-21T17:06:44.293+0000] {logging_mixin.py:190} INFO - Task instance is in running state
[2024-09-21T17:06:44.294+0000] {logging_mixin.py:190} INFO -  Previous state of the Task instance: queued
[2024-09-21T17:06:44.295+0000] {logging_mixin.py:190} INFO - Current task name:ingestData state:running start_date:2024-09-21 17:06:44.103988+00:00
[2024-09-21T17:06:44.296+0000] {logging_mixin.py:190} INFO - Dag name:localNFLDataIngestionDag and current dag run status:running
[2024-09-21T17:06:44.296+0000] {taskinstance.py:731} INFO - ::endgroup::
[2024-09-21T17:06:44.333+0000] {logging_mixin.py:190} INFO - connection established
[2024-09-21T17:06:44.371+0000] {logging_mixin.py:190} INFO - data inserted
[2024-09-21T17:06:44.372+0000] {logging_mixin.py:190} INFO - Max Week of most recent season =  22
[2024-09-21T17:06:44.374+0000] {python.py:240} INFO - Done. Returned value was: None
[2024-09-21T17:06:44.385+0000] {taskinstance.py:340} INFO - ::group::Post task execution logs
[2024-09-21T17:06:44.386+0000] {taskinstance.py:352} INFO - Marking task as SUCCESS. dag_id=localNFLDataIngestionDag, task_id=ingestData, run_id=manual__2024-09-21T16:55:45.395890+00:00, execution_date=20240921T165545, start_date=20240921T170644, end_date=20240921T170644
[2024-09-21T17:06:44.396+0000] {logging_mixin.py:190} INFO - Task instance in success state
[2024-09-21T17:06:44.397+0000] {logging_mixin.py:190} INFO -  Previous state of the Task instance: running
[2024-09-21T17:06:44.398+0000] {logging_mixin.py:190} INFO - Dag name:localNFLDataIngestionDag queued_at:2024-09-21 17:06:39.258293+00:00
[2024-09-21T17:06:44.399+0000] {logging_mixin.py:190} INFO - Task hostname:a38c0324a413 operator:PythonOperator
[2024-09-21T17:06:44.434+0000] {local_task_job_runner.py:261} INFO - Task exited with return code 0
[2024-09-21T17:06:44.452+0000] {taskinstance.py:3891} INFO - 0 downstream tasks scheduled from follow-on schedule check
[2024-09-21T17:06:44.455+0000] {local_task_job_runner.py:240} INFO - ::endgroup::
