[2024-09-21T17:08:27.721+0000] {local_task_job_runner.py:123} INFO - ::group::Pre task execution logs
[2024-09-21T17:08:27.743+0000] {taskinstance.py:2603} INFO - Dependencies all met for dep_context=non-requeueable deps ti=<TaskInstance: localNFLDataIngestionDag.ingestData manual__2024-09-21T16:55:45.395890+00:00 [queued]>
[2024-09-21T17:08:27.753+0000] {taskinstance.py:2603} INFO - Dependencies all met for dep_context=requeueable deps ti=<TaskInstance: localNFLDataIngestionDag.ingestData manual__2024-09-21T16:55:45.395890+00:00 [queued]>
[2024-09-21T17:08:27.754+0000] {taskinstance.py:2856} INFO - Starting attempt 10 of 10
[2024-09-21T17:08:27.770+0000] {taskinstance.py:2879} INFO - Executing <Task(PythonOperator): ingestData> on 2024-09-21 16:55:45.395890+00:00
[2024-09-21T17:08:27.779+0000] {standard_task_runner.py:72} INFO - Started process 838 to run task
[2024-09-21T17:08:27.783+0000] {standard_task_runner.py:104} INFO - Running: ['***', 'tasks', 'run', 'localNFLDataIngestionDag', 'ingestData', 'manual__2024-09-21T16:55:45.395890+00:00', '--job-id', '45', '--raw', '--subdir', 'DAGS_FOLDER/data_ingestion_local.py', '--cfg-path', '/tmp/tmpdymwivq0']
[2024-09-21T17:08:27.785+0000] {standard_task_runner.py:105} INFO - Job 45: Subtask ingestData
[2024-09-21T17:08:27.842+0000] {task_command.py:467} INFO - Running <TaskInstance: localNFLDataIngestionDag.ingestData manual__2024-09-21T16:55:45.395890+00:00 [running]> on host a38c0324a413
[2024-09-21T17:08:27.940+0000] {taskinstance.py:3122} INFO - Exporting env vars: AIRFLOW_CTX_DAG_OWNER='***' AIRFLOW_CTX_DAG_ID='localNFLDataIngestionDag' AIRFLOW_CTX_TASK_ID='ingestData' AIRFLOW_CTX_EXECUTION_DATE='2024-09-21T16:55:45.395890+00:00' AIRFLOW_CTX_TRY_NUMBER='10' AIRFLOW_CTX_DAG_RUN_ID='manual__2024-09-21T16:55:45.395890+00:00'
[2024-09-21T17:08:27.942+0000] {logging_mixin.py:190} INFO - Task instance is in running state
[2024-09-21T17:08:27.943+0000] {logging_mixin.py:190} INFO -  Previous state of the Task instance: queued
[2024-09-21T17:08:27.945+0000] {logging_mixin.py:190} INFO - Current task name:ingestData state:running start_date:2024-09-21 17:08:27.744837+00:00
[2024-09-21T17:08:27.946+0000] {logging_mixin.py:190} INFO - Dag name:localNFLDataIngestionDag and current dag run status:running
[2024-09-21T17:08:27.947+0000] {taskinstance.py:731} INFO - ::endgroup::
[2024-09-21T17:08:27.990+0000] {logging_mixin.py:190} INFO - connection established
[2024-09-21T17:08:28.039+0000] {logging_mixin.py:190} INFO - Max season =  2023
[2024-09-21T17:08:28.040+0000] {logging_mixin.py:190} INFO - Max Week of most recent season =  22
[2024-09-21T17:08:28.041+0000] {logging_mixin.py:190} INFO - inserting data...
[2024-09-21T17:08:29.653+0000] {logging_mixin.py:190} INFO - data inserted
[2024-09-21T17:08:29.655+0000] {python.py:240} INFO - Done. Returned value was: None
[2024-09-21T17:08:29.673+0000] {taskinstance.py:340} INFO - ::group::Post task execution logs
[2024-09-21T17:08:29.674+0000] {taskinstance.py:352} INFO - Marking task as SUCCESS. dag_id=localNFLDataIngestionDag, task_id=ingestData, run_id=manual__2024-09-21T16:55:45.395890+00:00, execution_date=20240921T165545, start_date=20240921T170827, end_date=20240921T170829
[2024-09-21T17:08:29.688+0000] {logging_mixin.py:190} INFO - Task instance in success state
[2024-09-21T17:08:29.689+0000] {logging_mixin.py:190} INFO -  Previous state of the Task instance: running
[2024-09-21T17:08:29.690+0000] {logging_mixin.py:190} INFO - Dag name:localNFLDataIngestionDag queued_at:2024-09-21 17:08:22.870242+00:00
[2024-09-21T17:08:29.691+0000] {logging_mixin.py:190} INFO - Task hostname:a38c0324a413 operator:PythonOperator
[2024-09-21T17:08:29.724+0000] {local_task_job_runner.py:261} INFO - Task exited with return code 0
[2024-09-21T17:08:29.742+0000] {taskinstance.py:3891} INFO - 0 downstream tasks scheduled from follow-on schedule check
[2024-09-21T17:08:29.746+0000] {local_task_job_runner.py:240} INFO - ::endgroup::
