[2024-09-21T17:00:49.603+0000] {local_task_job_runner.py:123} INFO - ::group::Pre task execution logs
[2024-09-21T17:00:49.623+0000] {taskinstance.py:2603} INFO - Dependencies all met for dep_context=non-requeueable deps ti=<TaskInstance: localNFLDataIngestionDag.ingestData manual__2024-09-21T16:55:45.395890+00:00 [queued]>
[2024-09-21T17:00:49.632+0000] {taskinstance.py:2603} INFO - Dependencies all met for dep_context=requeueable deps ti=<TaskInstance: localNFLDataIngestionDag.ingestData manual__2024-09-21T16:55:45.395890+00:00 [queued]>
[2024-09-21T17:00:49.634+0000] {taskinstance.py:2856} INFO - Starting attempt 3 of 3
[2024-09-21T17:00:49.647+0000] {taskinstance.py:2879} INFO - Executing <Task(PythonOperator): ingestData> on 2024-09-21 16:55:45.395890+00:00
[2024-09-21T17:00:49.656+0000] {standard_task_runner.py:72} INFO - Started process 627 to run task
[2024-09-21T17:00:49.659+0000] {standard_task_runner.py:104} INFO - Running: ['***', 'tasks', 'run', 'localNFLDataIngestionDag', 'ingestData', 'manual__2024-09-21T16:55:45.395890+00:00', '--job-id', '33', '--raw', '--subdir', 'DAGS_FOLDER/data_ingestion_local.py', '--cfg-path', '/tmp/tmpd8r8rqo3']
[2024-09-21T17:00:49.661+0000] {standard_task_runner.py:105} INFO - Job 33: Subtask ingestData
[2024-09-21T17:00:49.715+0000] {task_command.py:467} INFO - Running <TaskInstance: localNFLDataIngestionDag.ingestData manual__2024-09-21T16:55:45.395890+00:00 [running]> on host a38c0324a413
[2024-09-21T17:00:49.805+0000] {taskinstance.py:3122} INFO - Exporting env vars: AIRFLOW_CTX_DAG_OWNER='***' AIRFLOW_CTX_DAG_ID='localNFLDataIngestionDag' AIRFLOW_CTX_TASK_ID='ingestData' AIRFLOW_CTX_EXECUTION_DATE='2024-09-21T16:55:45.395890+00:00' AIRFLOW_CTX_TRY_NUMBER='3' AIRFLOW_CTX_DAG_RUN_ID='manual__2024-09-21T16:55:45.395890+00:00'
[2024-09-21T17:00:49.808+0000] {logging_mixin.py:190} INFO - Task instance is in running state
[2024-09-21T17:00:49.809+0000] {logging_mixin.py:190} INFO -  Previous state of the Task instance: queued
[2024-09-21T17:00:49.810+0000] {logging_mixin.py:190} INFO - Current task name:ingestData state:running start_date:2024-09-21 17:00:49.624334+00:00
[2024-09-21T17:00:49.811+0000] {logging_mixin.py:190} INFO - Dag name:localNFLDataIngestionDag and current dag run status:running
[2024-09-21T17:00:49.812+0000] {taskinstance.py:731} INFO - ::endgroup::
[2024-09-21T17:00:49.913+0000] {logging_mixin.py:190} INFO -     player_id player_name  ... fantasy_points fantasy_points_ppr
0  00-0023459   A.Rodgers  ...            0.0                0.0
1  00-0024243     M.Lewis  ...            0.8                1.8

[2 rows x 53 columns]
[2024-09-21T17:00:49.915+0000] {python.py:240} INFO - Done. Returned value was: None
[2024-09-21T17:00:49.927+0000] {taskinstance.py:340} INFO - ::group::Post task execution logs
[2024-09-21T17:00:49.929+0000] {taskinstance.py:352} INFO - Marking task as SUCCESS. dag_id=localNFLDataIngestionDag, task_id=ingestData, run_id=manual__2024-09-21T16:55:45.395890+00:00, execution_date=20240921T165545, start_date=20240921T170049, end_date=20240921T170049
[2024-09-21T17:00:49.944+0000] {logging_mixin.py:190} INFO - Task instance in success state
[2024-09-21T17:00:49.945+0000] {logging_mixin.py:190} INFO -  Previous state of the Task instance: running
[2024-09-21T17:00:49.946+0000] {logging_mixin.py:190} INFO - Dag name:localNFLDataIngestionDag queued_at:2024-09-21 17:00:44.690556+00:00
[2024-09-21T17:00:49.947+0000] {logging_mixin.py:190} INFO - Task hostname:a38c0324a413 operator:PythonOperator
[2024-09-21T17:00:49.995+0000] {local_task_job_runner.py:261} INFO - Task exited with return code 0
[2024-09-21T17:00:50.014+0000] {taskinstance.py:3891} INFO - 0 downstream tasks scheduled from follow-on schedule check
[2024-09-21T17:00:50.017+0000] {local_task_job_runner.py:240} INFO - ::endgroup::
