[2024-09-21T17:02:39.667+0000] {local_task_job_runner.py:123} INFO - ::group::Pre task execution logs
[2024-09-21T17:02:39.687+0000] {taskinstance.py:2603} INFO - Dependencies all met for dep_context=non-requeueable deps ti=<TaskInstance: localNFLDataIngestionDag.ingestData manual__2024-09-21T16:55:45.395890+00:00 [queued]>
[2024-09-21T17:02:39.697+0000] {taskinstance.py:2603} INFO - Dependencies all met for dep_context=requeueable deps ti=<TaskInstance: localNFLDataIngestionDag.ingestData manual__2024-09-21T16:55:45.395890+00:00 [queued]>
[2024-09-21T17:02:39.699+0000] {taskinstance.py:2856} INFO - Starting attempt 5 of 5
[2024-09-21T17:02:39.713+0000] {taskinstance.py:2879} INFO - Executing <Task(PythonOperator): ingestData> on 2024-09-21 16:55:45.395890+00:00
[2024-09-21T17:02:39.722+0000] {standard_task_runner.py:72} INFO - Started process 673 to run task
[2024-09-21T17:02:39.725+0000] {standard_task_runner.py:104} INFO - Running: ['***', 'tasks', 'run', 'localNFLDataIngestionDag', 'ingestData', 'manual__2024-09-21T16:55:45.395890+00:00', '--job-id', '36', '--raw', '--subdir', 'DAGS_FOLDER/data_ingestion_local.py', '--cfg-path', '/tmp/tmpc4s8oh6t']
[2024-09-21T17:02:39.727+0000] {standard_task_runner.py:105} INFO - Job 36: Subtask ingestData
[2024-09-21T17:02:39.778+0000] {task_command.py:467} INFO - Running <TaskInstance: localNFLDataIngestionDag.ingestData manual__2024-09-21T16:55:45.395890+00:00 [running]> on host a38c0324a413
[2024-09-21T17:02:39.862+0000] {taskinstance.py:3122} INFO - Exporting env vars: AIRFLOW_CTX_DAG_OWNER='***' AIRFLOW_CTX_DAG_ID='localNFLDataIngestionDag' AIRFLOW_CTX_TASK_ID='ingestData' AIRFLOW_CTX_EXECUTION_DATE='2024-09-21T16:55:45.395890+00:00' AIRFLOW_CTX_TRY_NUMBER='5' AIRFLOW_CTX_DAG_RUN_ID='manual__2024-09-21T16:55:45.395890+00:00'
[2024-09-21T17:02:39.864+0000] {logging_mixin.py:190} INFO - Task instance is in running state
[2024-09-21T17:02:39.865+0000] {logging_mixin.py:190} INFO -  Previous state of the Task instance: queued
[2024-09-21T17:02:39.866+0000] {logging_mixin.py:190} INFO - Current task name:ingestData state:running start_date:2024-09-21 17:02:39.688705+00:00
[2024-09-21T17:02:39.866+0000] {logging_mixin.py:190} INFO - Dag name:localNFLDataIngestionDag and current dag run status:running
[2024-09-21T17:02:39.867+0000] {taskinstance.py:731} INFO - ::endgroup::
[2024-09-21T17:02:39.996+0000] {logging_mixin.py:190} INFO - connection established
[2024-09-21T17:02:39.997+0000] {python.py:240} INFO - Done. Returned value was: None
[2024-09-21T17:02:40.008+0000] {taskinstance.py:340} INFO - ::group::Post task execution logs
[2024-09-21T17:02:40.010+0000] {taskinstance.py:352} INFO - Marking task as SUCCESS. dag_id=localNFLDataIngestionDag, task_id=ingestData, run_id=manual__2024-09-21T16:55:45.395890+00:00, execution_date=20240921T165545, start_date=20240921T170239, end_date=20240921T170240
[2024-09-21T17:02:40.021+0000] {logging_mixin.py:190} INFO - Task instance in success state
[2024-09-21T17:02:40.022+0000] {logging_mixin.py:190} INFO -  Previous state of the Task instance: running
[2024-09-21T17:02:40.023+0000] {logging_mixin.py:190} INFO - Dag name:localNFLDataIngestionDag queued_at:2024-09-21 17:02:37.843546+00:00
[2024-09-21T17:02:40.024+0000] {logging_mixin.py:190} INFO - Task hostname:a38c0324a413 operator:PythonOperator
[2024-09-21T17:02:40.061+0000] {local_task_job_runner.py:261} INFO - Task exited with return code 0
[2024-09-21T17:02:40.078+0000] {taskinstance.py:3891} INFO - 0 downstream tasks scheduled from follow-on schedule check
[2024-09-21T17:02:40.081+0000] {local_task_job_runner.py:240} INFO - ::endgroup::
