[2024-09-21T17:01:55.153+0000] {local_task_job_runner.py:123} INFO - ::group::Pre task execution logs
[2024-09-21T17:01:55.180+0000] {taskinstance.py:2603} INFO - Dependencies all met for dep_context=non-requeueable deps ti=<TaskInstance: localNFLDataIngestionDag.ingestData manual__2024-09-21T16:55:45.395890+00:00 [queued]>
[2024-09-21T17:01:55.191+0000] {taskinstance.py:2603} INFO - Dependencies all met for dep_context=requeueable deps ti=<TaskInstance: localNFLDataIngestionDag.ingestData manual__2024-09-21T16:55:45.395890+00:00 [queued]>
[2024-09-21T17:01:55.201+0000] {taskinstance.py:2856} INFO - Starting attempt 4 of 4
[2024-09-21T17:01:55.216+0000] {taskinstance.py:2879} INFO - Executing <Task(PythonOperator): ingestData> on 2024-09-21 16:55:45.395890+00:00
[2024-09-21T17:01:55.224+0000] {standard_task_runner.py:72} INFO - Started process 662 to run task
[2024-09-21T17:01:55.228+0000] {standard_task_runner.py:104} INFO - Running: ['***', 'tasks', 'run', 'localNFLDataIngestionDag', 'ingestData', 'manual__2024-09-21T16:55:45.395890+00:00', '--job-id', '35', '--raw', '--subdir', 'DAGS_FOLDER/data_ingestion_local.py', '--cfg-path', '/tmp/tmpk5v2ytnp']
[2024-09-21T17:01:55.230+0000] {standard_task_runner.py:105} INFO - Job 35: Subtask ingestData
[2024-09-21T17:01:55.285+0000] {task_command.py:467} INFO - Running <TaskInstance: localNFLDataIngestionDag.ingestData manual__2024-09-21T16:55:45.395890+00:00 [running]> on host a38c0324a413
[2024-09-21T17:01:55.382+0000] {taskinstance.py:3122} INFO - Exporting env vars: AIRFLOW_CTX_DAG_OWNER='***' AIRFLOW_CTX_DAG_ID='localNFLDataIngestionDag' AIRFLOW_CTX_TASK_ID='ingestData' AIRFLOW_CTX_EXECUTION_DATE='2024-09-21T16:55:45.395890+00:00' AIRFLOW_CTX_TRY_NUMBER='4' AIRFLOW_CTX_DAG_RUN_ID='manual__2024-09-21T16:55:45.395890+00:00'
[2024-09-21T17:01:55.384+0000] {logging_mixin.py:190} INFO - Task instance is in running state
[2024-09-21T17:01:55.385+0000] {logging_mixin.py:190} INFO -  Previous state of the Task instance: queued
[2024-09-21T17:01:55.386+0000] {logging_mixin.py:190} INFO - Current task name:ingestData state:running start_date:2024-09-21 17:01:55.181602+00:00
[2024-09-21T17:01:55.387+0000] {logging_mixin.py:190} INFO - Dag name:localNFLDataIngestionDag and current dag run status:running
[2024-09-21T17:01:55.388+0000] {taskinstance.py:731} INFO - ::endgroup::
[2024-09-21T17:01:55.491+0000] {logging_mixin.py:190} INFO -     player_id player_name  ... fantasy_points fantasy_points_ppr
0  00-0023459   A.Rodgers  ...            0.0                0.0
1  00-0024243     M.Lewis  ...            0.8                1.8

[2 rows x 53 columns]
[2024-09-21T17:01:55.493+0000] {python.py:240} INFO - Done. Returned value was: None
[2024-09-21T17:01:55.503+0000] {taskinstance.py:340} INFO - ::group::Post task execution logs
[2024-09-21T17:01:55.505+0000] {taskinstance.py:352} INFO - Marking task as SUCCESS. dag_id=localNFLDataIngestionDag, task_id=ingestData, run_id=manual__2024-09-21T16:55:45.395890+00:00, execution_date=20240921T165545, start_date=20240921T170155, end_date=20240921T170155
[2024-09-21T17:01:55.516+0000] {logging_mixin.py:190} INFO - Task instance in success state
[2024-09-21T17:01:55.517+0000] {logging_mixin.py:190} INFO -  Previous state of the Task instance: running
[2024-09-21T17:01:55.518+0000] {logging_mixin.py:190} INFO - Dag name:localNFLDataIngestionDag queued_at:2024-09-21 17:01:50.156530+00:00
[2024-09-21T17:01:55.519+0000] {logging_mixin.py:190} INFO - Task hostname:a38c0324a413 operator:PythonOperator
[2024-09-21T17:01:55.564+0000] {local_task_job_runner.py:261} INFO - Task exited with return code 0
[2024-09-21T17:01:55.583+0000] {taskinstance.py:3891} INFO - 0 downstream tasks scheduled from follow-on schedule check
[2024-09-21T17:01:55.586+0000] {local_task_job_runner.py:240} INFO - ::endgroup::
